   ▲ Next.js 15.1.0
   - Local:        http://localhost:3000
   - Network:      http://0.0.0.0:3000
   - Environments: .env

 ✓ Starting...
 ⚠ Invalid next.config.ts options detected: 
 ⚠     Unrecognized key(s) in object: 'turbopack'
Payload: You can safely ignore the "Invalid next.config" warning above. This only occurs on Next.js 15.2.x or lower. We recommend upgrading to the latest supported Next.js version to resolve this warning.
Payload: You can safely ignore the "Invalid next.config" warning above. This only occurs on Next.js 15.2.x or lower. We recommend upgrading to the latest supported Next.js version to resolve this warning.
 ⚠ See more info here: https://nextjs.org/docs/messages/invalid-next-config
 ✓ Ready in 1361ms
 ○ Compiling /admin/[[...segments]] ...
The user aborted a request.

Retrying 1/3...
The user aborted a request.

Retrying 1/3...
The user aborted a request.

Retrying 1/3...
The user aborted a request.

Retrying 1/3...
The user aborted a request.

Retrying 1/3...
The user aborted a request.

Retrying 1/3...
The user aborted a request.

Retrying 1/3...
The user aborted a request.

Retrying 1/3...
The user aborted a request.

Retrying 1/3...
The user aborted a request.

Retrying 1/3...
The user aborted a request.

Retrying 1/3...
The user aborted a request.

Retrying 1/3...
The user aborted a request.

Retrying 1/3...
The user aborted a request.

Retrying 1/3...
The user aborted a request.

Retrying 1/3...
The user aborted a request.

Retrying 1/3...
The user aborted a request.

Retrying 1/3...
The user aborted a request.

Retrying 1/3...
The user aborted a request.

Retrying 1/3...
The user aborted a request.

Retrying 1/3...
The user aborted a request.

Retrying 1/3...
The user aborted a request.

Retrying 1/3...
The user aborted a request.

Retrying 1/3...
The user aborted a request.

Retrying 1/3...
The user aborted a request.

Retrying 1/3...
The user aborted a request.

Retrying 1/3...
The user aborted a request.

Retrying 1/3...
The user aborted a request.

Retrying 1/3...
The user aborted a request.

Retrying 1/3...
The user aborted a request.

Retrying 1/3...
The user aborted a request.

Retrying 1/3...
The user aborted a request.

Retrying 1/3...
The user aborted a request.

Retrying 1/3...
The user aborted a request.

Retrying 1/3...
The user aborted a request.

Retrying 1/3...
The user aborted a request.

Retrying 1/3...
The user aborted a request.

Retrying 1/3...
The user aborted a request.

Retrying 1/3...
The user aborted a request.

Retrying 1/3...
The user aborted a request.

Retrying 1/3...
The user aborted a request.

Retrying 1/3...
The user aborted a request.

Retrying 1/3...
The user aborted a request.

Retrying 1/3...
The user aborted a request.

Retrying 1/3...
The user aborted a request.

Retrying 1/3...
The user aborted a request.

Retrying 1/3...
The user aborted a request.

Retrying 1/3...
The user aborted a request.

Retrying 1/3...
The user aborted a request.

Retrying 1/3...
The user aborted a request.

Retrying 1/3...
The user aborted a request.

Retrying 1/3...
The user aborted a request.

Retrying 1/3...
The user aborted a request.

Retrying 1/3...
The user aborted a request.

Retrying 1/3...
The user aborted a request.

Retrying 1/3...
The user aborted a request.

Retrying 1/3...
The user aborted a request.

Retrying 1/3...
The user aborted a request.

Retrying 1/3...
The user aborted a request.

Retrying 1/3...
The user aborted a request.

Retrying 1/3...
The user aborted a request.

Retrying 1/3...
The user aborted a request.

Retrying 1/3...
The user aborted a request.

Retrying 1/3...
The user aborted a request.

Retrying 1/3...
The user aborted a request.

Retrying 1/3...
The user aborted a request.

Retrying 1/3...
The user aborted a request.

Retrying 1/3...
The user aborted a request.

Retrying 1/3...
The user aborted a request.

Retrying 1/3...
The user aborted a request.

Retrying 1/3...
The user aborted a request.

Retrying 1/3...
The user aborted a request.

Retrying 1/3...
The user aborted a request.

Retrying 1/3...
The user aborted a request.

Retrying 1/3...
The user aborted a request.

Retrying 1/3...
The user aborted a request.

Retrying 1/3...
The user aborted a request.

Retrying 1/3...
The user aborted a request.

Retrying 1/3...
The user aborted a request.

Retrying 1/3...
The user aborted a request.

Retrying 1/3...
The user aborted a request.

Retrying 1/3...
The user aborted a request.

Retrying 1/3...
The user aborted a request.

Retrying 1/3...
The user aborted a request.

Retrying 1/3...
The user aborted a request.

Retrying 1/3...
The user aborted a request.

Retrying 1/3...
The user aborted a request.

Retrying 1/3...
The user aborted a request.

Retrying 1/3...
The user aborted a request.

Retrying 1/3...
The user aborted a request.

Retrying 1/3...
The user aborted a request.

Retrying 1/3...
The user aborted a request.

Retrying 1/3...
The user aborted a request.

Retrying 1/3...
The user aborted a request.

Retrying 1/3...
The user aborted a request.

Retrying 1/3...
The user aborted a request.

Retrying 1/3...
The user aborted a request.

Retrying 1/3...
The user aborted a request.

Retrying 1/3...
The user aborted a request.

Retrying 1/3...
The user aborted a request.

Retrying 1/3...
The user aborted a request.

Retrying 1/3...
The user aborted a request.

Retrying 1/3...
The user aborted a request.

Retrying 1/3...
The user aborted a request.

Retrying 1/3...
The user aborted a request.

Retrying 1/3...
The user aborted a request.

Retrying 1/3...
The user aborted a request.

Retrying 1/3...
The user aborted a request.

Retrying 1/3...
The user aborted a request.

Retrying 1/3...
The user aborted a request.

Retrying 1/3...
The user aborted a request.

Retrying 1/3...
The user aborted a request.

Retrying 1/3...
The user aborted a request.

Retrying 1/3...
The user aborted a request.

Retrying 1/3...
The user aborted a request.

Retrying 1/3...
The user aborted a request.

Retrying 1/3...
The user aborted a request.

Retrying 1/3...
The user aborted a request.

Retrying 1/3...
The user aborted a request.

Retrying 1/3...
The user aborted a request.

Retrying 1/3...
The user aborted a request.

Retrying 1/3...
The user aborted a request.

Retrying 1/3...
The user aborted a request.

Retrying 1/3...
The user aborted a request.

Retrying 1/3...
The user aborted a request.

Retrying 1/3...
The user aborted a request.

Retrying 1/3...
The user aborted a request.

Retrying 1/3...
The user aborted a request.

Retrying 1/3...
The user aborted a request.

Retrying 1/3...
The user aborted a request.

Retrying 1/3...
The user aborted a request.

Retrying 1/3...
The user aborted a request.

Retrying 1/3...
The user aborted a request.

Retrying 1/3...
The user aborted a request.

Retrying 1/3...
The user aborted a request.

Retrying 1/3...
The user aborted a request.

Retrying 1/3...
The user aborted a request.

Retrying 1/3...
The user aborted a request.

Retrying 1/3...
The user aborted a request.

Retrying 1/3...
The user aborted a request.

Retrying 1/3...
The user aborted a request.

Retrying 1/3...
The user aborted a request.

Retrying 1/3...
The user aborted a request.

Retrying 1/3...
The user aborted a request.

Retrying 1/3...
The user aborted a request.

Retrying 1/3...
The user aborted a request.

Retrying 1/3...
The user aborted a request.

Retrying 1/3...
The user aborted a request.

Retrying 1/3...
The user aborted a request.

Retrying 1/3...
The user aborted a request.

Retrying 1/3...
The user aborted a request.

Retrying 2/3...
The user aborted a request.

Retrying 2/3...
The user aborted a request.

Retrying 2/3...
The user aborted a request.

Retrying 2/3...
The user aborted a request.

Retrying 2/3...
The user aborted a request.

Retrying 2/3...
The user aborted a request.

Retrying 2/3...
The user aborted a request.

Retrying 2/3...
The user aborted a request.

Retrying 2/3...
The user aborted a request.

Retrying 2/3...
The user aborted a request.

Retrying 2/3...
The user aborted a request.

Retrying 2/3...
The user aborted a request.

Retrying 2/3...
The user aborted a request.

Retrying 2/3...
The user aborted a request.

Retrying 2/3...
The user aborted a request.

Retrying 2/3...
The user aborted a request.

Retrying 2/3...
The user aborted a request.

Retrying 2/3...
The user aborted a request.

Retrying 2/3...
The user aborted a request.

Retrying 2/3...
The user aborted a request.

Retrying 2/3...
The user aborted a request.

Retrying 2/3...
The user aborted a request.

Retrying 2/3...
The user aborted a request.

Retrying 2/3...
The user aborted a request.

Retrying 2/3...
The user aborted a request.

Retrying 2/3...
The user aborted a request.

Retrying 2/3...
The user aborted a request.

Retrying 2/3...
The user aborted a request.

Retrying 2/3...
The user aborted a request.

Retrying 2/3...
The user aborted a request.

Retrying 2/3...
The user aborted a request.

Retrying 2/3...
The user aborted a request.

Retrying 2/3...
The user aborted a request.

Retrying 2/3...
The user aborted a request.

Retrying 2/3...
The user aborted a request.

Retrying 2/3...
The user aborted a request.

Retrying 2/3...
The user aborted a request.

Retrying 2/3...
The user aborted a request.

Retrying 2/3...
The user aborted a request.

Retrying 2/3...
The user aborted a request.

Retrying 2/3...
The user aborted a request.

Retrying 2/3...
The user aborted a request.

Retrying 2/3...
The user aborted a request.

Retrying 2/3...
The user aborted a request.

Retrying 2/3...
The user aborted a request.

Retrying 2/3...
The user aborted a request.

Retrying 2/3...
The user aborted a request.

Retrying 2/3...
The user aborted a request.

Retrying 2/3...
The user aborted a request.

Retrying 2/3...
The user aborted a request.

Retrying 2/3...
The user aborted a request.

Retrying 2/3...
The user aborted a request.

Retrying 2/3...
The user aborted a request.

Retrying 2/3...
The user aborted a request.

Retrying 2/3...
The user aborted a request.

Retrying 2/3...
The user aborted a request.

Retrying 2/3...
The user aborted a request.

Retrying 2/3...
The user aborted a request.

Retrying 2/3...
The user aborted a request.

Retrying 2/3...
The user aborted a request.

Retrying 2/3...
The user aborted a request.

Retrying 2/3...
The user aborted a request.

Retrying 2/3...
The user aborted a request.

Retrying 2/3...
The user aborted a request.

Retrying 2/3...
The user aborted a request.

Retrying 2/3...
The user aborted a request.

Retrying 2/3...
The user aborted a request.

Retrying 2/3...
The user aborted a request.

Retrying 2/3...
The user aborted a request.

Retrying 2/3...
The user aborted a request.

Retrying 2/3...
The user aborted a request.

Retrying 2/3...
The user aborted a request.

Retrying 2/3...
The user aborted a request.

Retrying 2/3...
The user aborted a request.

Retrying 2/3...
The user aborted a request.

Retrying 2/3...
The user aborted a request.

Retrying 2/3...
The user aborted a request.

Retrying 2/3...
The user aborted a request.

Retrying 2/3...
The user aborted a request.

Retrying 2/3...
The user aborted a request.

Retrying 2/3...
The user aborted a request.

Retrying 2/3...
The user aborted a request.

Retrying 2/3...
The user aborted a request.

Retrying 2/3...
The user aborted a request.

Retrying 2/3...
The user aborted a request.

Retrying 2/3...
The user aborted a request.

Retrying 2/3...
The user aborted a request.

Retrying 2/3...
The user aborted a request.

Retrying 2/3...
The user aborted a request.

Retrying 2/3...
The user aborted a request.

Retrying 2/3...
The user aborted a request.

Retrying 2/3...
The user aborted a request.

Retrying 2/3...
The user aborted a request.

Retrying 2/3...
The user aborted a request.

Retrying 2/3...
The user aborted a request.

Retrying 2/3...
The user aborted a request.

Retrying 2/3...
The user aborted a request.

Retrying 2/3...
The user aborted a request.

Retrying 2/3...
The user aborted a request.

Retrying 2/3...
The user aborted a request.

Retrying 2/3...
The user aborted a request.

Retrying 2/3...
The user aborted a request.

Retrying 3/3...
The user aborted a request.

Retrying 3/3...
The user aborted a request.

Retrying 3/3...
The user aborted a request.

Retrying 3/3...
The user aborted a request.

Retrying 3/3...
The user aborted a request.

Retrying 3/3...
The user aborted a request.

Retrying 3/3...
The user aborted a request.

Retrying 3/3...
The user aborted a request.

Retrying 3/3...
The user aborted a request.

Retrying 3/3...
The user aborted a request.

Retrying 3/3...
The user aborted a request.

Retrying 3/3...
The user aborted a request.

Retrying 3/3...
The user aborted a request.

Retrying 3/3...
The user aborted a request.

Retrying 3/3...
The user aborted a request.

Retrying 3/3...
The user aborted a request.

Retrying 3/3...
The user aborted a request.

Retrying 3/3...
The user aborted a request.

Retrying 3/3...
The user aborted a request.

Retrying 3/3...
The user aborted a request.

Retrying 3/3...
The user aborted a request.

Retrying 3/3...
The user aborted a request.

Retrying 3/3...
The user aborted a request.

Retrying 3/3...
The user aborted a request.

Retrying 3/3...
The user aborted a request.

Retrying 3/3...
The user aborted a request.

Retrying 3/3...
The user aborted a request.

Retrying 3/3...
The user aborted a request.

Retrying 3/3...
The user aborted a request.

Retrying 3/3...
The user aborted a request.

Retrying 3/3...
The user aborted a request.

Retrying 3/3...
The user aborted a request.

Retrying 3/3...
The user aborted a request.

Retrying 3/3...
The user aborted a request.

Retrying 3/3...
The user aborted a request.

Retrying 3/3...
The user aborted a request.

Retrying 3/3...
The user aborted a request.

Retrying 3/3...
The user aborted a request.

Retrying 3/3...
The user aborted a request.

Retrying 3/3...
The user aborted a request.

Retrying 3/3...
The user aborted a request.

Retrying 3/3...
The user aborted a request.

Retrying 3/3...
The user aborted a request.

Retrying 3/3...
The user aborted a request.

Retrying 3/3...
The user aborted a request.

Retrying 3/3...
The user aborted a request.

Retrying 3/3...
The user aborted a request.

Retrying 3/3...
The user aborted a request.

Retrying 3/3...
The user aborted a request.

Retrying 3/3...
The user aborted a request.

Retrying 3/3...
The user aborted a request.

Retrying 3/3...
The user aborted a request.

Retrying 3/3...
The user aborted a request.

Retrying 3/3...
The user aborted a request.

Retrying 3/3...
[Error [AbortError]: The user aborted a request.] {
  type: 'aborted',
  constructor: [Function: AbortError]
}
 ⨯ Failed to download `Noto Sans TC` from Google Fonts. Using fallback font instead.

Failed to fetch `Noto Sans TC` from Google Fonts.}
[Error [AbortError]: The user aborted a request.] {
  type: 'aborted',
  constructor: [Function: AbortError]
}
[Error [AbortError]: The user aborted a request.] {
  type: 'aborted',
  constructor: [Function: AbortError]
}
[Error [AbortError]: The user aborted a request.] {
  type: 'aborted',
  constructor: [Function: AbortError]
}
 ✓ Compiled /admin/[[...segments]] in 22.3s (3994 modules)
[⣷] Pulling schema from database...
[2K[1G[✓] Pulling schema from database...
[12:23:36] [33mWARN[39m: [36mNo email adapter provided. Email will be written to console. More info at https://payloadcms.com/docs/email/overview.[39m
[12:23:36] [33mWARN[39m: [36mImage resizing is enabled for one or more collections, but sharp not installed. Please install 'sharp' and pass into the config.[39m
 ⨯ Error: ServerFunctionsProvider requires a serverFunction prop
    at Bv (../../../src/elements/EditUpload/index.tsx:252:55)
  250 |           <div className={`${baseClass}__sidebar`}>
  251 |             {showCrop && (
> 252 |               <div className={`${baseClass}__groupWrap`}>
      |                                                       ^
  253 |                 <div>
  254 |                   <div className={`${baseClass}__titleWrap`}>
  255 |                     <h3>{t('upload:crop')}</h3> {
  digest: '502020885'
}
 ⨯ Error: ServerFunctionsProvider requires a serverFunction prop
    at Bv (../../../src/elements/EditUpload/index.tsx:252:55)
  250 |           <div className={`${baseClass}__sidebar`}>
  251 |             {showCrop && (
> 252 |               <div className={`${baseClass}__groupWrap`}>
      |                                                       ^
  253 |                 <div>
  254 |                   <div className={`${baseClass}__titleWrap`}>
  255 |                     <h3>{t('upload:crop')}</h3> {
  digest: '502020885'
}
 HEAD /admin/ 500 in 15667ms
 HEAD /admin/ 500 in 27286ms
 ⨯ Error: ServerFunctionsProvider requires a serverFunction prop
    at Bv (../../../src/elements/EditUpload/index.tsx:252:55)
  250 |           <div className={`${baseClass}__sidebar`}>
  251 |             {showCrop && (
> 252 |               <div className={`${baseClass}__groupWrap`}>
      |                                                       ^
  253 |                 <div>
  254 |                   <div className={`${baseClass}__titleWrap`}>
  255 |                     <h3>{t('upload:crop')}</h3> {
  digest: '502020885'
}
 HEAD /admin/ 500 in 207ms
 ⨯ [Error: Cannot find module 'next/dist/client/components/not-found-error'
Require stack:
- /home/kalok/clawd/first.emlab/node_modules/next/dist/server/dev/on-demand-entry-handler.js
- /home/kalok/clawd/first.emlab/node_modules/next/dist/build/webpack/plugins/flight-client-entry-plugin.js
- /home/kalok/clawd/first.emlab/node_modules/next/dist/build/webpack-config.js
- /home/kalok/clawd/first.emlab/node_modules/next/dist/server/dev/hot-reloader-webpack.js
- /home/kalok/clawd/first.emlab/node_modules/next/dist/server/lib/router-utils/setup-dev-bundler.js
- /home/kalok/clawd/first.emlab/node_modules/next/dist/server/lib/router-server.js
- /home/kalok/clawd/first.emlab/node_modules/next/dist/server/lib/start-server.js] {
  code: 'MODULE_NOT_FOUND',
  requireStack: [Array]
}
[Error: Cannot find module '@swc/helpers/package.json'
Require stack:
- /home/kalok/clawd/first.emlab/node_modules/next/dist/build/create-compiler-aliases.js
- /home/kalok/clawd/first.emlab/node_modules/next/dist/build/webpack-config.js
- /home/kalok/clawd/first.emlab/node_modules/next/dist/server/dev/hot-reloader-webpack.js
- /home/kalok/clawd/first.emlab/node_modules/next/dist/server/lib/router-utils/setup-dev-bundler.js
- /home/kalok/clawd/first.emlab/node_modules/next/dist/server/lib/router-server.js
- /home/kalok/clawd/first.emlab/node_modules/next/dist/server/lib/start-server.js] {
  code: 'MODULE_NOT_FOUND',
  requireStack: [Array]
}
 ⨯ [Error: Cannot find module 'next/dist/pages/_error'
Require stack:
- /home/kalok/clawd/first.emlab/node_modules/next/dist/server/dev/on-demand-entry-handler.js
- /home/kalok/clawd/first.emlab/node_modules/next/dist/build/webpack/plugins/flight-client-entry-plugin.js
- /home/kalok/clawd/first.emlab/node_modules/next/dist/build/webpack-config.js
- /home/kalok/clawd/first.emlab/node_modules/next/dist/server/dev/hot-reloader-webpack.js
- /home/kalok/clawd/first.emlab/node_modules/next/dist/server/lib/router-utils/setup-dev-bundler.js
- /home/kalok/clawd/first.emlab/node_modules/next/dist/server/lib/router-server.js
- /home/kalok/clawd/first.emlab/node_modules/next/dist/server/lib/start-server.js] {
  code: 'MODULE_NOT_FOUND',
  requireStack: [Array]
}
[Error: Cannot find module '@swc/helpers/package.json'
Require stack:
- /home/kalok/clawd/first.emlab/node_modules/next/dist/build/create-compiler-aliases.js
- /home/kalok/clawd/first.emlab/node_modules/next/dist/build/webpack-config.js
- /home/kalok/clawd/first.emlab/node_modules/next/dist/server/dev/hot-reloader-webpack.js
- /home/kalok/clawd/first.emlab/node_modules/next/dist/server/lib/router-utils/setup-dev-bundler.js
- /home/kalok/clawd/first.emlab/node_modules/next/dist/server/lib/router-server.js
- /home/kalok/clawd/first.emlab/node_modules/next/dist/server/lib/start-server.js] {
  code: 'MODULE_NOT_FOUND',
  requireStack: [Array]
}
 HEAD /admin/ 500 in 80ms
 HEAD /admin/ 500 in 24ms
 ⨯ [Error: Cannot find module 'next/dist/client/components/not-found-error'
Require stack:
- /home/kalok/clawd/first.emlab/node_modules/next/dist/server/dev/on-demand-entry-handler.js
- /home/kalok/clawd/first.emlab/node_modules/next/dist/build/webpack/plugins/flight-client-entry-plugin.js
- /home/kalok/clawd/first.emlab/node_modules/next/dist/build/webpack-config.js
- /home/kalok/clawd/first.emlab/node_modules/next/dist/server/dev/hot-reloader-webpack.js
- /home/kalok/clawd/first.emlab/node_modules/next/dist/server/lib/router-utils/setup-dev-bundler.js
- /home/kalok/clawd/first.emlab/node_modules/next/dist/server/lib/router-server.js
- /home/kalok/clawd/first.emlab/node_modules/next/dist/server/lib/start-server.js] {
  code: 'MODULE_NOT_FOUND',
  requireStack: [Array]
}
[Error: Cannot find module '@swc/helpers/package.json'
Require stack:
- /home/kalok/clawd/first.emlab/node_modules/next/dist/build/create-compiler-aliases.js
- /home/kalok/clawd/first.emlab/node_modules/next/dist/build/webpack-config.js
- /home/kalok/clawd/first.emlab/node_modules/next/dist/server/dev/hot-reloader-webpack.js
- /home/kalok/clawd/first.emlab/node_modules/next/dist/server/lib/router-utils/setup-dev-bundler.js
- /home/kalok/clawd/first.emlab/node_modules/next/dist/server/lib/router-server.js
- /home/kalok/clawd/first.emlab/node_modules/next/dist/server/lib/start-server.js] {
  code: 'MODULE_NOT_FOUND',
  requireStack: [Array]
}
 ⨯ [Error: Cannot find module 'next/dist/pages/_error'
Require stack:
- /home/kalok/clawd/first.emlab/node_modules/next/dist/server/dev/on-demand-entry-handler.js
- /home/kalok/clawd/first.emlab/node_modules/next/dist/build/webpack/plugins/flight-client-entry-plugin.js
- /home/kalok/clawd/first.emlab/node_modules/next/dist/build/webpack-config.js
- /home/kalok/clawd/first.emlab/node_modules/next/dist/server/dev/hot-reloader-webpack.js
- /home/kalok/clawd/first.emlab/node_modules/next/dist/server/lib/router-utils/setup-dev-bundler.js
- /home/kalok/clawd/first.emlab/node_modules/next/dist/server/lib/router-server.js
- /home/kalok/clawd/first.emlab/node_modules/next/dist/server/lib/start-server.js] {
  code: 'MODULE_NOT_FOUND',
  requireStack: [Array]
}
[Error: Cannot find module '@swc/helpers/package.json'
Require stack:
- /home/kalok/clawd/first.emlab/node_modules/next/dist/build/create-compiler-aliases.js
- /home/kalok/clawd/first.emlab/node_modules/next/dist/build/webpack-config.js
- /home/kalok/clawd/first.emlab/node_modules/next/dist/server/dev/hot-reloader-webpack.js
- /home/kalok/clawd/first.emlab/node_modules/next/dist/server/lib/router-utils/setup-dev-bundler.js
- /home/kalok/clawd/first.emlab/node_modules/next/dist/server/lib/router-server.js
- /home/kalok/clawd/first.emlab/node_modules/next/dist/server/lib/start-server.js] {
  code: 'MODULE_NOT_FOUND',
  requireStack: [Array]
}
 HEAD /admin/ 500 in 121ms
 HEAD /admin/ 500 in 40ms
 ⨯ [Error: Cannot find module 'next/dist/client/components/not-found-error'
Require stack:
- /home/kalok/clawd/first.emlab/node_modules/next/dist/server/dev/on-demand-entry-handler.js
- /home/kalok/clawd/first.emlab/node_modules/next/dist/build/webpack/plugins/flight-client-entry-plugin.js
- /home/kalok/clawd/first.emlab/node_modules/next/dist/build/webpack-config.js
- /home/kalok/clawd/first.emlab/node_modules/next/dist/server/dev/hot-reloader-webpack.js
- /home/kalok/clawd/first.emlab/node_modules/next/dist/server/lib/router-utils/setup-dev-bundler.js
- /home/kalok/clawd/first.emlab/node_modules/next/dist/server/lib/router-server.js
- /home/kalok/clawd/first.emlab/node_modules/next/dist/server/lib/start-server.js] {
  code: 'MODULE_NOT_FOUND',
  requireStack: [Array]
}
[Error: Cannot find module '/home/kalok/clawd/first.emlab/node_modules/@swc/helpers/package.json'] {
  code: 'MODULE_NOT_FOUND',
  path: '/home/kalok/clawd/first.emlab/node_modules/@swc/helpers'
}
 ⨯ [Error: Cannot find module 'next/dist/pages/_error'
Require stack:
- /home/kalok/clawd/first.emlab/node_modules/next/dist/server/dev/on-demand-entry-handler.js
- /home/kalok/clawd/first.emlab/node_modules/next/dist/build/webpack/plugins/flight-client-entry-plugin.js
- /home/kalok/clawd/first.emlab/node_modules/next/dist/build/webpack-config.js
- /home/kalok/clawd/first.emlab/node_modules/next/dist/server/dev/hot-reloader-webpack.js
- /home/kalok/clawd/first.emlab/node_modules/next/dist/server/lib/router-utils/setup-dev-bundler.js
- /home/kalok/clawd/first.emlab/node_modules/next/dist/server/lib/router-server.js
- /home/kalok/clawd/first.emlab/node_modules/next/dist/server/lib/start-server.js] {
  code: 'MODULE_NOT_FOUND',
  requireStack: [Array]
}
[Error: Cannot find module '/home/kalok/clawd/first.emlab/node_modules/@swc/helpers/package.json'] {
  code: 'MODULE_NOT_FOUND',
  path: '/home/kalok/clawd/first.emlab/node_modules/@swc/helpers'
}
 HEAD /admin/ 500 in 89ms
 HEAD /admin/ 500 in 45ms
[?25h
